<?xml version="1.0" encoding="UTF-8"?>
<testsuite xmlns:xsi="http://www.w3.org/2001/XMLSchema-instance" xsi:noNamespaceSchemaLocation="https://maven.apache.org/surefire/maven-surefire-plugin/xsd/surefire-test-report.xsd" name="com.mycompany.app.AppTest" time="0.077" tests="1" errors="0" skipped="0" failures="0">
  <properties>
    <property name="java.specification.version" value="17"/>
    <property name="sun.cpu.isalist" value="amd64"/>
    <property name="sun.jnu.encoding" value="Cp1252"/>
    <property name="java.class.path" value="C:\Users\NOTHING\OneDrive\Desktop\my-app\target\test-classes;C:\Users\NOTHING\OneDrive\Desktop\my-app\target\classes;C:\Users\NOTHING\.m2\repository\junit\junit\4.12\junit-4.12.jar;C:\Users\NOTHING\.m2\repository\org\hamcrest\hamcrest-core\1.3\hamcrest-core-1.3.jar;"/>
    <property name="java.vm.vendor" value="Eclipse Adoptium"/>
    <property name="sun.arch.data.model" value="64"/>
    <property name="user.variant" value=""/>
    <property name="java.vendor.url" value="https://adoptium.net/"/>
    <property name="user.timezone" value="Asia/Calcutta"/>
    <property name="os.name" value="Windows 10"/>
    <property name="java.vm.specification.version" value="17"/>
    <property name="sun.java.launcher" value="SUN_STANDARD"/>
    <property name="user.country" value="IN"/>
    <property name="sun.boot.library.path" value="C:\Users\NOTHING\AppData\Local\Programs\Eclipse Adoptium\jdk-17.0.6.10-hotspot\bin"/>
    <property name="sun.java.command" value="C:\Users\NOTHING\AppData\Local\Temp\surefire14511704026541083456\surefirebooter4001329665046420142.jar C:\Users\NOTHING\AppData\Local\Temp\surefire14511704026541083456 2023-08-29T13-05-59_213-jvmRun1 surefire15246652941245417788tmp surefire_06106434941761096111tmp"/>
    <property name="jdk.debug" value="release"/>
    <property name="surefire.test.class.path" value="C:\Users\NOTHING\OneDrive\Desktop\my-app\target\test-classes;C:\Users\NOTHING\OneDrive\Desktop\my-app\target\classes;C:\Users\NOTHING\.m2\repository\junit\junit\4.12\junit-4.12.jar;C:\Users\NOTHING\.m2\repository\org\hamcrest\hamcrest-core\1.3\hamcrest-core-1.3.jar;"/>
    <property name="sun.cpu.endian" value="little"/>
    <property name="user.home" value="C:\Users\NOTHING"/>
    <property name="user.language" value="en"/>
    <property name="java.specification.vendor" value="Oracle Corporation"/>
    <property name="java.version.date" value="2023-01-17"/>
    <property name="java.home" value="C:\Users\NOTHING\AppData\Local\Programs\Eclipse Adoptium\jdk-17.0.6.10-hotspot"/>
    <property name="file.separator" value="\"/>
    <property name="basedir" value="C:\Users\NOTHING\OneDrive\Desktop\my-app"/>
    <property name="java.vm.compressedOopsMode" value="32-bit"/>
    <property name="line.separator" value="&#10;"/>
    <property name="java.vm.specification.vendor" value="Oracle Corporation"/>
    <property name="java.specification.name" value="Java Platform API Specification"/>
    <property name="surefire.real.class.path" value="C:\Users\NOTHING\AppData\Local\Temp\surefire14511704026541083456\surefirebooter4001329665046420142.jar"/>
    <property name="user.script" value=""/>
    <property name="sun.management.compiler" value="HotSpot 64-Bit Tiered Compilers"/>
    <property name="java.runtime.version" value="17.0.6+10"/>
    <property name="user.name" value="NOTHING"/>
    <property name="path.separator" value=";"/>
    <property name="os.version" value="10.0"/>
    <property name="java.runtime.name" value="OpenJDK Runtime Environment"/>
    <property name="file.encoding" value="Cp1252"/>
    <property name="java.vm.name" value="OpenJDK 64-Bit Server VM"/>
    <property name="java.vendor.version" value="Temurin-17.0.6+10"/>
    <property name="localRepository" value="C:\Users\NOTHING\.m2\repository"/>
    <property name="java.vendor.url.bug" value="https://github.com/adoptium/adoptium-support/issues"/>
    <property name="java.io.tmpdir" value="C:\Users\NOTHING\AppData\Local\Temp\"/>
    <property name="java.version" value="17.0.6"/>
    <property name="user.dir" value="C:\Users\NOTHING\OneDrive\Desktop\my-app"/>
    <property name="os.arch" value="amd64"/>
    <property name="java.vm.specification.name" value="Java Virtual Machine Specification"/>
    <property name="sun.os.patch.level" value=""/>
    <property name="native.encoding" value="Cp1252"/>
    <property name="java.library.path" value="C:\Users\NOTHING\AppData\Local\Programs\Eclipse Adoptium\jdk-17.0.6.10-hotspot\bin;C:\WINDOWS\Sun\Java\bin;C:\WINDOWS\system32;C:\WINDOWS;C:\Program Files\Common Files\Oracle\Java\javapath;C:\WINDOWS\system32;C:\WINDOWS;C:\WINDOWS\System32\Wbem;C:\WINDOWS\System32\WindowsPowerShell\v1.0\;C:\WINDOWS\System32\OpenSSH\;C:\Users\NOTHING\Downloads\wkhtmltox-0.12.6-1.msvc2015-win64.exe;C:\Program Files\Git\cmd;C:\Program Files\Pandoc\;C:\Program Files\Java\jdk-19\bin;C:\Program Files\apache-maven-3.9.4\bin;C:\Program Files\MySQL\MySQL Shell 8.0\bin\;C:\Users\NOTHING\anakonda;C:\Users\NOTHING\anakonda\Library\mingw-w64\bin;C:\Users\NOTHING\anakonda\Library\usr\bin;C:\Users\NOTHING\anakonda\Library\bin;C:\Users\NOTHING\anakonda\Scripts;C:\Users\NOTHING\AppData\Local\Programs\Eclipse Adoptium\jdk-17.0.6.10-hotspot\bin;C:\Users\NOTHING\AppData\Local\Programs\Python\Python311\Scripts\;C:\Users\NOTHING\AppData\Local\Programs\Python\Python311\;C:\Users\NOTHING\OneDrive\Documents\Custom Office Templates;C:\Users\NOTHING\OneDrive\Documents\Custom Office Templates\Library\mingw-w64\bin;C:\Users\NOTHING\OneDrive\Documents\Custom Office Templates\Library\usr\bin;C:\Users\NOTHING\OneDrive\Documents\Custom Office Templates\Library\bin;C:\Users\NOTHING\OneDrive\Documents\Custom Office Templates\Scripts;C:\MinGW\bin;C:\Users\NOTHING\AppData\Local\Microsoft\WindowsApps;C:\Users\NOTHING\AppData\Local\Programs\MiKTeX\miktex\bin\x64\;C:\Users\NOTHING\AppData\Local\Programs\Microsoft VS Code\bin;."/>
    <property name="java.vm.info" value="mixed mode, sharing"/>
    <property name="java.vendor" value="Eclipse Adoptium"/>
    <property name="java.vm.version" value="17.0.6+10"/>
    <property name="sun.io.unicode.encoding" value="UnicodeLittle"/>
    <property name="java.class.version" value="61.0"/>
  </properties>
  <testcase name="shouldAnswerWithTrue" classname="com.mycompany.app.AppTest" time="0.002"/>
</testsuite>